{"level":"error"}
{"level":"error"}
{"level":"error"}
{"level":"error"}
{"level":"error"}
{"level":"error"}
{"level":"error"}
{"level":"error"}
{"level":"error"}
{"level":"error"}
{"level":"error"}
{"level":"error"}
{"level":"error"}
{"level":"error"}
{"level":"error"}
{"level":"error"}
{"level":"error"}
{"level":"error"}
{"level":"error"}
{"level":"error"}
{"level":"error"}
{"level":"error"}
{"level":"error"}
{"level":"error"}
{"level":"error"}
{"level":"error"}
{"errors":{"Permisos":{"message":"Cast to Array failed for value \"3\" at path \"Permisos\"","name":"CastError","stringValue":"\"3\"","kind":"Array","value":3,"path":"Permisos","reason":{"message":"Cast to embedded failed for value \"3\" at path \"Permisos\"","name":"CastError","stringValue":"\"3\"","kind":"embedded","value":"3","path":"Permisos","reason":{"message":"Parameter \"obj\" to Document() must be an object, got 3","name":"ObjectParameterError"}}}},"_message":"Cargo validation failed","message":"Cargo validation failed: Permisos: Cast to Array failed for value \"3\" at path \"Permisos\"","name":"ValidationError","level":"error"}
{"errors":{"Permisos":{"message":"Cast to Array failed for value \"3\" at path \"Permisos\"","name":"CastError","stringValue":"\"3\"","kind":"Array","value":3,"path":"Permisos","reason":{"message":"Cast to embedded failed for value \"3\" at path \"Permisos\"","name":"CastError","stringValue":"\"3\"","kind":"embedded","value":"3","path":"Permisos","reason":{"message":"Parameter \"obj\" to Document() must be an object, got 3","name":"ObjectParameterError"}}}},"_message":"Cargo validation failed","message":"Cargo validation failed: Permisos: Cast to Array failed for value \"3\" at path \"Permisos\"","name":"ValidationError","level":"error"}
{"errors":{"Permisos":{"message":"Cast to Array failed for value \"3\" at path \"Permisos\"","name":"CastError","stringValue":"\"3\"","kind":"Array","value":3,"path":"Permisos","reason":{"message":"Cast to embedded failed for value \"3\" at path \"Permisos\"","name":"CastError","stringValue":"\"3\"","kind":"embedded","value":"3","path":"Permisos","reason":{"message":"Parameter \"obj\" to Document() must be an object, got 3","name":"ObjectParameterError"}}}},"_message":"Cargo validation failed","message":"Cargo validation failed: Permisos: Cast to Array failed for value \"3\" at path \"Permisos\"","name":"ValidationError","level":"error"}
{"errors":{"Permisos":{"message":"Cast to Array failed for value \"3\" at path \"Permisos\"","name":"CastError","stringValue":"\"3\"","kind":"Array","value":3,"path":"Permisos","reason":{"message":"Cast to embedded failed for value \"3\" at path \"Permisos\"","name":"CastError","stringValue":"\"3\"","kind":"embedded","value":"3","path":"Permisos","reason":{"message":"Parameter \"obj\" to Document() must be an object, got 3","name":"ObjectParameterError"}}}},"_message":"Cargo validation failed","message":"Cargo validation failed: Permisos: Cast to Array failed for value \"3\" at path \"Permisos\"","name":"ValidationError","level":"error"}
{"errors":{"Permisos.0.Path":{"message":"Path `Path` is required.","name":"ValidatorError","properties":{"message":"Path `Path` is required.","type":"required","path":"Path"},"kind":"required","path":"Path"}},"_message":"Cargo validation failed","message":"Cargo validation failed: Permisos.0.Path: Path `Path` is required.","name":"ValidationError","level":"error"}
{"level":"error"}
{"level":"error"}
{"level":"error"}
{"level":"error"}
{"level":"error"}
{"level":"error"}
{"level":"error"}
{"message":"Parameter \"filter\" to findOne() must be an object, got 5cc53ef544ee2f04b86662ef","name":"ObjectParameterError","level":"error"}
{"driver":true,"name":"MongoError","index":0,"code":11000,"errmsg":"E11000 duplicate key error collection: GolkiiDb.colaboradors index: Cedula_1 dup key: { : \"0011812940049C\" }","level":"error"}
{"level":"error"}
{"level":"error"}
{"level":"error"}
{"driver":true,"name":"MongoError","index":0,"code":11000,"errmsg":"E11000 duplicate key error collection: GolkiiDb.colaboradors index: Permisos.Nombre_1 dup key: { : null }","level":"error"}
{"driver":true,"name":"MongoError","index":0,"code":11000,"errmsg":"E11000 duplicate key error collection: GolkiiDb.colaboradors index: User.userName_1 dup key: { : null }","level":"error"}
{"driver":true,"name":"MongoError","index":0,"code":11000,"errmsg":"E11000 duplicate key error collection: GolkiiDb.colaboradors index: User.userName_1 dup key: { : null }","level":"error"}
{"level":"error"}
{"driver":true,"name":"MongoError","index":0,"code":11000,"errmsg":"E11000 duplicate key error collection: GolkiiDb.colaboradors index: User.userName_1 dup key: { : null }","level":"error"}
{"driver":true,"name":"MongoError","index":0,"code":11000,"errmsg":"E11000 duplicate key error collection: GolkiiDb.colaboradors index: User.userName_1 dup key: { : null }","level":"error"}
{"level":"error"}
{"errors":{"Perfil":{"message":"Path `Perfil` is required.","name":"ValidatorError","properties":{"message":"Path `Perfil` is required.","type":"required","path":"Perfil"},"kind":"required","path":"Perfil"}},"_message":"Colaborador validation failed","message":"Colaborador validation failed: Perfil: Path `Perfil` is required.","name":"ValidationError","level":"error"}
{"errors":{"User.userName":{"message":"Path `User.userName` is required.","name":"ValidatorError","properties":{"message":"Path `User.userName` is required.","type":"required","path":"User.userName","value":null},"kind":"required","path":"User.userName","value":null},"User.password":{"message":"Path `User.password` is required.","name":"ValidatorError","properties":{"message":"Path `User.password` is required.","type":"required","path":"User.password","value":null},"kind":"required","path":"User.password","value":null}},"_message":"Colaborador validation failed","message":"Colaborador validation failed: User.userName: Path `User.userName` is required., User.password: Path `User.password` is required.","name":"ValidationError","level":"error"}
{"level":"error"}
{"message":"Cast to ObjectId failed for value \"5cc9998648be52343abd54387\" at path \"_id\" for model \"Cargo\"","name":"CastError","stringValue":"\"5cc9998648be52343abd54387\"","kind":"ObjectId","value":"5cc9998648be52343abd54387","path":"_id","level":"error"}
{"message":"Cast to ObjectId failed for value \"5cc9998648be52343abd54390\" at path \"_id\" for model \"Cargo\"","name":"CastError","stringValue":"\"5cc9998648be52343abd54390\"","kind":"ObjectId","value":"5cc9998648be52343abd54390","path":"_id","level":"error"}
{"level":"error"}
{"level":"error"}
{"level":"error"}
{"level":"error"}
{"level":"error"}
{"level":"error"}
{"level":"error"}
{"level":"error"}
{"level":"error"}
{"level":"error"}
{"level":"error"}
{"level":"error"}
{"level":"error"}
{"level":"error"}
{"level":"error"}
{"level":"error"}
{"level":"error"}
{"level":"error"}
{"level":"error"}
{"ok":0,"errmsg":"Transaction numbers are only allowed on a replica set member or mongos","code":20,"codeName":"IllegalOperation","name":"MongoError","level":"error"}
{"level":"error"}
{"level":"error"}
{"level":"error"}
{"level":"error"}
{"level":"error"}
{"level":"error"}
{"level":"error"}
{"level":"error"}
{"level":"error"}
{"level":"error"}
{"level":"error"}
{"level":"error"}
{"level":"error"}
{"level":"error"}
{"level":"error"}
{"level":"error"}
{"level":"error"}
{"level":"error"}
{"level":"error"}
{"level":"error"}
{"level":"error"}
{"level":"error"}
{"level":"error"}
{"level":"error"}
{"level":"error"}
{"level":"error"}
{"level":"error"}
{"level":"error"}
{"level":"error"}
{"level":"error"}
{"message":"Cast to ObjectId failed for value \"{ IdCargo: '5ccc66e7c42b2461be3b5b79' }\" at path \"_id\" for model \"Cargo\"","name":"CastError","stringValue":"\"{ IdCargo: '5ccc66e7c42b2461be3b5b79' }\"","kind":"ObjectId","value":{"IdCargo":"5ccc66e7c42b2461be3b5b79"},"path":"_id","level":"error"}
{"message":"Cast to ObjectId failed for value \"{ IdCargo: '5ccc66e7c42b2461be3b5b79' }\" at path \"_id\" for model \"Cargo\"","name":"CastError","stringValue":"\"{ IdCargo: '5ccc66e7c42b2461be3b5b79' }\"","kind":"ObjectId","value":{"IdCargo":"5ccc66e7c42b2461be3b5b79"},"path":"_id","level":"error"}
{"message":"Cast to ObjectId failed for value \"{ IdCargo: '5ccc66e7c42b2461be3b5b79' }\" at path \"_id\" for model \"Cargo\"","name":"CastError","stringValue":"\"{ IdCargo: '5ccc66e7c42b2461be3b5b79' }\"","kind":"ObjectId","value":{"IdCargo":"5ccc66e7c42b2461be3b5b79"},"path":"_id","level":"error"}
{"message":"Cast to ObjectId failed for value \"{ IdCargo: '5ccc66e7c42b2461be3b5b79' }\" at path \"_id\" for model \"Cargo\"","name":"CastError","stringValue":"\"{ IdCargo: '5ccc66e7c42b2461be3b5b79' }\"","kind":"ObjectId","value":{"IdCargo":"5ccc66e7c42b2461be3b5b79"},"path":"_id","level":"error"}
{"message":"Cast to ObjectId failed for value \"{ IdCargo: '5ccc66e7c42b2461be3b5b79' }\" at path \"_id\" for model \"Cargo\"","name":"CastError","stringValue":"\"{ IdCargo: '5ccc66e7c42b2461be3b5b79' }\"","kind":"ObjectId","value":{"IdCargo":"5ccc66e7c42b2461be3b5b79"},"path":"_id","level":"error"}
{"message":"Cast to ObjectId failed for value \"{ IdCargo: '5ccc66e7c42b2461be3b5b79' }\" at path \"_id\" for model \"Cargo\"","name":"CastError","stringValue":"\"{ IdCargo: '5ccc66e7c42b2461be3b5b79' }\"","kind":"ObjectId","value":{"IdCargo":"5ccc66e7c42b2461be3b5b79"},"path":"_id","level":"error"}
{"message":"Cast to ObjectId failed for value \"{ IdCargo: '5ccc66e7c42b2461be3b5b79' }\" at path \"_id\" for model \"Cargo\"","name":"CastError","stringValue":"\"{ IdCargo: '5ccc66e7c42b2461be3b5b79' }\"","kind":"ObjectId","value":{"IdCargo":"5ccc66e7c42b2461be3b5b79"},"path":"_id","level":"error"}
{"message":"Cast to ObjectId failed for value \"{ IdCargo: '5ccc66e7c42b2461be3b5b79' }\" at path \"_id\" for model \"Cargo\"","name":"CastError","stringValue":"\"{ IdCargo: '5ccc66e7c42b2461be3b5b79' }\"","kind":"ObjectId","value":{"IdCargo":"5ccc66e7c42b2461be3b5b79"},"path":"_id","level":"error"}
{"message":"Cast to ObjectId failed for value \"{ IdCargo: '5ccc66e7c42b2461be3b5b79' }\" at path \"_id\" for model \"Cargo\"","name":"CastError","stringValue":"\"{ IdCargo: '5ccc66e7c42b2461be3b5b79' }\"","kind":"ObjectId","value":{"IdCargo":"5ccc66e7c42b2461be3b5b79"},"path":"_id","level":"error"}
{"message":"Cast to ObjectId failed for value \"{ IdCargo: '5ccc66e7c42b2461be3b5b79' }\" at path \"_id\" for model \"Cargo\"","name":"CastError","stringValue":"\"{ IdCargo: '5ccc66e7c42b2461be3b5b79' }\"","kind":"ObjectId","value":{"IdCargo":"5ccc66e7c42b2461be3b5b79"},"path":"_id","level":"error"}
{"message":"Cast to ObjectId failed for value \"{ IdCargo: '5ccc66e7c42b2461be3b5b79' }\" at path \"_id\" for model \"Cargo\"","name":"CastError","stringValue":"\"{ IdCargo: '5ccc66e7c42b2461be3b5b79' }\"","kind":"ObjectId","value":{"IdCargo":"5ccc66e7c42b2461be3b5b79"},"path":"_id","level":"error"}
{"level":"error"}
{"level":"error"}
{"level":"error"}
{"level":"error"}
{"level":"error"}
{"level":"error"}
{"level":"error"}
{"level":"error"}
{"level":"error"}
{"driver":true,"name":"MongoError","index":0,"code":11000,"errmsg":"E11000 duplicate key error collection: GolkiiDb.colaboradores index: General.Cedula_1 dup key: { : \"0011812940049D\" }","level":"error"}
{"driver":true,"name":"MongoError","index":0,"code":11000,"errmsg":"E11000 duplicate key error collection: GolkiiDb.colaboradores index: General.Cedula_1 dup key: { : \"0011812940049D\" }","level":"error"}
{"driver":true,"name":"MongoError","index":0,"code":11000,"errmsg":"E11000 duplicate key error collection: GolkiiDb.colaboradores index: General.Cedula_1 dup key: { : \"0011812940049D\" }","level":"error"}
{"driver":true,"name":"MongoError","index":0,"code":11000,"errmsg":"E11000 duplicate key error collection: GolkiiDb.colaboradores index: General.Cedula_1 dup key: { : \"0011812940049D\" }","level":"error"}
{"driver":true,"name":"MongoError","index":0,"code":11000,"errmsg":"E11000 duplicate key error collection: GolkiiDb.colaboradores index: General.Cedula_1 dup key: { : \"0011812940049D\" }","level":"error"}
{"driver":true,"name":"MongoError","index":0,"code":11000,"errmsg":"E11000 duplicate key error collection: GolkiiDb.colaboradores index: General.Cedula_1 dup key: { : \"0011812940049D\" }","level":"error"}
{"driver":true,"name":"MongoError","index":0,"code":11000,"errmsg":"E11000 duplicate key error collection: GolkiiDb.colaboradores index: General.Cedula_1 dup key: { : \"0011812940049D\" }","level":"error"}
{"driver":true,"name":"MongoError","index":0,"code":11000,"errmsg":"E11000 duplicate key error collection: GolkiiDb.colaboradores index: General.Cedula_1 dup key: { : \"0011812940049D\" }","level":"error"}
{"level":"error"}
{"errors":{"Permisos.0.IsFrom":{"message":"Path `IsFrom` is required.","name":"ValidatorError","properties":{"message":"Path `IsFrom` is required.","type":"required","path":"IsFrom"},"kind":"required","path":"IsFrom"},"Permisos.1.IsFrom":{"message":"Path `IsFrom` is required.","name":"ValidatorError","properties":{"message":"Path `IsFrom` is required.","type":"required","path":"IsFrom"},"kind":"required","path":"IsFrom"}},"_message":"Colaborador validation failed","message":"Colaborador validation failed: Permisos.0.IsFrom: Path `IsFrom` is required., Permisos.1.IsFrom: Path `IsFrom` is required.","name":"ValidationError","level":"error"}
{"errors":{"Permisos.0.IsFrom":{"message":"Path `IsFrom` is required.","name":"ValidatorError","properties":{"message":"Path `IsFrom` is required.","type":"required","path":"IsFrom"},"kind":"required","path":"IsFrom"},"Permisos.1.IsFrom":{"message":"Path `IsFrom` is required.","name":"ValidatorError","properties":{"message":"Path `IsFrom` is required.","type":"required","path":"IsFrom"},"kind":"required","path":"IsFrom"}},"_message":"Colaborador validation failed","message":"Colaborador validation failed: Permisos.0.IsFrom: Path `IsFrom` is required., Permisos.1.IsFrom: Path `IsFrom` is required.","name":"ValidationError","level":"error"}
{"errors":{"Permisos.0.IsFrom":{"message":"Path `IsFrom` is required.","name":"ValidatorError","properties":{"message":"Path `IsFrom` is required.","type":"required","path":"IsFrom"},"kind":"required","path":"IsFrom"},"Permisos.1.IsFrom":{"message":"Path `IsFrom` is required.","name":"ValidatorError","properties":{"message":"Path `IsFrom` is required.","type":"required","path":"IsFrom"},"kind":"required","path":"IsFrom"}},"_message":"Colaborador validation failed","message":"Colaborador validation failed: Permisos.0.IsFrom: Path `IsFrom` is required., Permisos.1.IsFrom: Path `IsFrom` is required.","name":"ValidationError","level":"error"}
{"level":"error"}
{"level":"error"}
{"level":"error"}
{"level":"error"}
{"level":"error"}
{"level":"error"}
{"level":"error"}
{"level":"error"}
{"ok":0,"errmsg":"unknown operator: $im","code":2,"codeName":"BadValue","name":"MongoError","level":"error"}
{"ok":0,"errmsg":"$in needs an array","code":2,"codeName":"BadValue","name":"MongoError","level":"error"}
{"ok":0,"errmsg":"unknown top level operator: $_id","code":2,"codeName":"BadValue","name":"MongoError","level":"error"}
{"level":"error"}
{"ok":0,"errmsg":"The field 'IdPermiso' must be an accumulator object","code":40234,"codeName":"Location40234","name":"MongoError","level":"error"}
{"ok":0,"errmsg":"The field 'IdPermiso' must be an accumulator object","code":40234,"codeName":"Location40234","name":"MongoError","level":"error"}
{"ok":0,"errmsg":"The field 'IdPermiso' must be an accumulator object","code":40234,"codeName":"Location40234","name":"MongoError","level":"error"}
{"level":"error"}
{"level":"error"}
{"ok":0,"errmsg":"unknown top level operator: $IdPermiso","code":2,"codeName":"BadValue","name":"MongoError","level":"error"}
{"level":"error"}
{"level":"error"}
{"level":"error"}
{"level":"error"}
{"level":"error"}
{"level":"error"}
{"level":"error"}
{"level":"error"}
{"level":"error"}
{"level":"error"}
{"level":"error"}
{"level":"error"}
{"errors":{"FechaSalida":{"message":"La fecha tiene que ser menor a la fecha y hora actual actual","name":"ValidatorError","properties":{"message":"La fecha tiene que ser menor a la fecha y hora actual actual","type":"user defined","path":"FechaSalida","value":"2019-05-16T03:46:00.000Z"},"kind":"user defined","path":"FechaSalida","value":"2019-05-16T03:46:00.000Z"}},"_message":"Ruta validation failed","message":"Ruta validation failed: FechaSalida: La fecha tiene que ser menor a la fecha y hora actual actual","name":"ValidationError","level":"error"}
{"level":"error"}
{"level":"error"}
{"level":"error"}
{"level":"error"}
{"level":"error"}
{"level":"error"}
{"level":"error"}
{"level":"error"}
{"level":"error"}
{"level":"error"}
{"level":"error"}
{"message":"Cast to string failed for value \"{ Email: 'jackzeel.garcia@golkiibpo.com' }\" at path \"Email\" for model \"Colaborador\"","name":"CastError","stringValue":"\"{ Email: 'jackzeel.garcia@golkiibpo.com' }\"","kind":"string","value":{"Email":"jackzeel.garcia@golkiibpo.com"},"path":"Email","level":"error"}
{"message":"Cast to string failed for value \"{ Email: 'jackzeel.garcia@golkiibpo.com' }\" at path \"Email\" for model \"Colaborador\"","name":"CastError","stringValue":"\"{ Email: 'jackzeel.garcia@golkiibpo.com' }\"","kind":"string","value":{"Email":"jackzeel.garcia@golkiibpo.com"},"path":"Email","level":"error"}
{"level":"error"}
{"level":"error"}
{"level":"error"}
{"level":"error"}
{"level":"error"}
{"level":"error"}
{"level":"error"}
{"level":"error"}
{"level":"error"}
{"level":"error"}
{"level":"error"}
{"level":"error"}
{"message":"Cast to ObjectId failed for value \"{ 'User.username': 'jackgv94', 'User.Disable': true }\" at path \"_id\" for model \"Colaborador\"","name":"CastError","stringValue":"\"{ 'User.username': 'jackgv94', 'User.Disable': true }\"","kind":"ObjectId","value":{"User.username":"jackgv94","User.Disable":true},"path":"_id","level":"error"}
{"message":"Cast to ObjectId failed for value \"{ 'User.username': 'jackgv94', 'User.Disable': true }\" at path \"_id\" for model \"Colaborador\"","name":"CastError","stringValue":"\"{ 'User.username': 'jackgv94', 'User.Disable': true }\"","kind":"ObjectId","value":{"User.username":"jackgv94","User.Disable":true},"path":"_id","level":"error"}
{"message":"Cast to ObjectId failed for value \"{ 'User.username': 'jackgv94', 'User.Disable': true }\" at path \"_id\" for model \"Colaborador\"","name":"CastError","stringValue":"\"{ 'User.username': 'jackgv94', 'User.Disable': true }\"","kind":"ObjectId","value":{"User.username":"jackgv94","User.Disable":true},"path":"_id","level":"error"}
{"message":"Cast to ObjectId failed for value \"{ 'User.username': 'jackgv94', 'User.Disable': true }\" at path \"_id\" for model \"Colaborador\"","name":"CastError","stringValue":"\"{ 'User.username': 'jackgv94', 'User.Disable': true }\"","kind":"ObjectId","value":{"User.username":"jackgv94","User.Disable":true},"path":"_id","level":"error"}
{"level":"error"}
{"level":"error"}
{"level":"error"}
{"level":"error"}
{"level":"error"}
{"level":"error"}
{"level":"error"}
{"level":"error"}
{"level":"error"}
{"level":"error"}
{"level":"error"}
{"level":"error"}
{"level":"error"}
{"level":"error"}
{"level":"error"}
{"level":"error"}
{"level":"error"}
{"level":"error"}
{"level":"error"}
{"level":"error"}
{"level":"error"}
{"level":"error"}
{"level":"error"}
{"level":"error"}
{"level":"error"}
{"level":"error"}
{"level":"error"}
{"level":"error"}
{"level":"error"}
{"level":"error"}
{"level":"error"}
{"level":"error"}
{"level":"error"}
{"level":"error"}
{"level":"error"}
{"level":"error"}
{"level":"error"}
{"level":"error"}
{"level":"error"}
{"level":"error"}
